mode: set
tcpkvs/internal/server/server.go:25.29,27.16 2 0
tcpkvs/internal/server/server.go:30.2,30.15 1 0
tcpkvs/internal/server/server.go:31.2,31.6 1 0
tcpkvs/internal/server/server.go:27.16,28.13 1 0
tcpkvs/internal/server/server.go:30.15,30.39 1 0
tcpkvs/internal/server/server.go:31.6,33.17 2 0
tcpkvs/internal/server/server.go:36.3,36.13 1 0
tcpkvs/internal/server/server.go:33.17,34.9 1 0
tcpkvs/internal/server/server.go:36.13,40.4 3 0
tcpkvs/internal/server/server.go:45.39,46.6 1 1
tcpkvs/internal/server/server.go:46.6,48.17 2 1
tcpkvs/internal/server/server.go:52.3,52.61 1 1
tcpkvs/internal/server/server.go:48.17,50.4 1 1
tcpkvs/internal/server/server.go:52.61,54.4 1 1
tcpkvs/internal/server/server.go:59.67,63.16 3 1
tcpkvs/internal/server/server.go:67.2,67.29 1 1
tcpkvs/internal/server/server.go:63.16,65.3 1 1
tcpkvs/internal/server/server.go:70.70,72.13 2 1
tcpkvs/internal/server/server.go:82.2,82.14 1 1
tcpkvs/internal/server/server.go:73.18,74.31 1 1
tcpkvs/internal/server/server.go:75.18,76.31 1 1
tcpkvs/internal/server/server.go:77.21,78.34 1 1
tcpkvs/internal/server/server.go:79.18,80.14 1 1
tcpkvs/internal/server/server.go:85.49,88.16 2 1
tcpkvs/internal/server/server.go:93.2,95.16 2 1
tcpkvs/internal/server/server.go:100.2,101.32 2 1
tcpkvs/internal/server/server.go:88.16,91.3 2 1
tcpkvs/internal/server/server.go:95.16,98.3 2 1
tcpkvs/internal/server/server.go:104.49,107.16 2 1
tcpkvs/internal/server/server.go:112.2,114.31 2 1
tcpkvs/internal/server/server.go:119.2,119.30 1 1
tcpkvs/internal/server/server.go:107.16,110.3 2 1
tcpkvs/internal/server/server.go:114.31,117.3 2 1
tcpkvs/internal/server/server.go:122.52,125.16 2 1
tcpkvs/internal/server/server.go:130.2,131.32 2 1
tcpkvs/internal/server/server.go:125.16,128.3 2 1
tcpkvs/internal/server/server.go:134.61,141.16 4 1
tcpkvs/internal/server/server.go:146.2,150.16 4 1
tcpkvs/internal/server/server.go:154.2,159.17 5 1
tcpkvs/internal/server/server.go:141.16,143.3 1 1
tcpkvs/internal/server/server.go:150.16,152.3 1 1
tcpkvs/internal/server/server.go:162.56,167.2 4 1
