mode: set
tcpkvs/internal/server/server.go:25.29,27.16 2 0
tcpkvs/internal/server/server.go:30.2,30.15 1 0
tcpkvs/internal/server/server.go:31.2,31.6 1 0
tcpkvs/internal/server/server.go:27.16,28.13 1 0
tcpkvs/internal/server/server.go:30.15,30.39 1 0
tcpkvs/internal/server/server.go:31.6,33.17 2 0
tcpkvs/internal/server/server.go:36.3,36.13 1 0
tcpkvs/internal/server/server.go:33.17,34.9 1 0
tcpkvs/internal/server/server.go:36.13,40.4 3 0
tcpkvs/internal/server/server.go:45.39,46.6 1 1
tcpkvs/internal/server/server.go:46.6,48.17 2 1
tcpkvs/internal/server/server.go:52.3,52.61 1 1
tcpkvs/internal/server/server.go:48.17,50.4 1 1
tcpkvs/internal/server/server.go:52.61,54.4 1 1
tcpkvs/internal/server/server.go:59.67,63.16 3 1
tcpkvs/internal/server/server.go:67.2,67.29 1 1
tcpkvs/internal/server/server.go:63.16,65.3 1 1
tcpkvs/internal/server/server.go:70.70,72.13 2 1
tcpkvs/internal/server/server.go:82.2,82.14 1 1
tcpkvs/internal/server/server.go:73.18,74.31 1 1
tcpkvs/internal/server/server.go:75.18,76.31 1 1
tcpkvs/internal/server/server.go:77.21,78.34 1 1
tcpkvs/internal/server/server.go:79.18,80.14 1 1
tcpkvs/internal/server/server.go:85.49,88.16 2 1
tcpkvs/internal/server/server.go:94.2,96.16 2 1
tcpkvs/internal/server/server.go:102.2,103.32 2 1
tcpkvs/internal/server/server.go:88.16,92.3 3 1
tcpkvs/internal/server/server.go:96.16,100.3 3 1
tcpkvs/internal/server/server.go:106.49,109.16 2 1
tcpkvs/internal/server/server.go:114.2,116.31 2 1
tcpkvs/internal/server/server.go:121.2,121.30 1 1
tcpkvs/internal/server/server.go:109.16,112.3 2 0
tcpkvs/internal/server/server.go:116.31,119.3 2 0
tcpkvs/internal/server/server.go:124.52,127.16 2 1
tcpkvs/internal/server/server.go:132.2,134.16 2 1
tcpkvs/internal/server/server.go:139.2,139.32 1 1
tcpkvs/internal/server/server.go:127.16,130.3 2 0
tcpkvs/internal/server/server.go:134.16,137.3 2 0
tcpkvs/internal/server/server.go:142.61,149.16 4 1
tcpkvs/internal/server/server.go:154.2,158.16 4 1
tcpkvs/internal/server/server.go:162.2,167.17 5 1
tcpkvs/internal/server/server.go:149.16,151.3 1 1
tcpkvs/internal/server/server.go:158.16,160.3 1 1
tcpkvs/internal/server/server.go:170.56,175.2 4 1
